autoscan: warning: missing AC_CHECK_HEADERS([stddef.h]) wanted by:
	src/linbox_wrap.h:12
autoscan: warning: missing AC_C_CONST wanted by:
	linbox_wrap.cpp:393
	linbox_wrap.cpp:393
	src/linbox_wrap.cpp:400
	src/linbox_wrap.cpp:400
autoscan: warning: missing AC_PROG_CC wanted by:
	ltmain.sh:571
	ltmain.sh:571
	ltmain.sh:753
	ltmain.sh:753
	src/linbox_wrap.h
	ltmain.sh:571
	ltmain.sh:571
autoscan: warning: missing AC_PROG_CPP wanted by:
	ltmain.sh:756
	ltmain.sh:756
autoscan: warning: missing AC_PROG_LN_S wanted by:
	ltmain.sh:854
	ltmain.sh:5500
	ltmain.sh:5501
autoscan: warning: missing AC_PROG_RANLIB wanted by:
	ltmain.sh:6817
autoscan: warning: missing AC_TYPE_SIZE_T wanted by:
	linbox_wrap.cpp:33
	linbox_wrap.cpp:33
	linbox_wrap.cpp:34
	linbox_wrap.cpp:34
	linbox_wrap.cpp:41
	linbox_wrap.cpp:41
	linbox_wrap.cpp:58
	linbox_wrap.cpp:60
	linbox_wrap.cpp:64
	linbox_wrap.cpp:66
	linbox_wrap.cpp:73
	linbox_wrap.cpp:73
	linbox_wrap.cpp:80
	linbox_wrap.cpp:82
	linbox_wrap.cpp:92
	linbox_wrap.cpp:92
	linbox_wrap.cpp:99
	linbox_wrap.cpp:133
	linbox_wrap.cpp:142
	linbox_wrap.cpp:152
	linbox_wrap.cpp:152
	linbox_wrap.cpp:158
	linbox_wrap.cpp:167
	linbox_wrap.cpp:167
	linbox_wrap.cpp:168
	linbox_wrap.cpp:183
	linbox_wrap.cpp:183
	linbox_wrap.cpp:189
	linbox_wrap.cpp:198
	linbox_wrap.cpp:198
	linbox_wrap.cpp:199
	linbox_wrap.cpp:208
	linbox_wrap.cpp:208
	linbox_wrap.cpp:208
	linbox_wrap.cpp:208
	linbox_wrap.cpp:273
	linbox_wrap.cpp:289
	linbox_wrap.cpp:301
	linbox_wrap.cpp:311
	linbox_wrap.cpp:349
	linbox_wrap.cpp:349
	linbox_wrap.cpp:407
	linbox_wrap.cpp:407
	linbox_wrap.cpp:410
	linbox_wrap.cpp:421
	linbox_wrap.cpp:421
	linbox_wrap.cpp:425
	linbox_wrap.cpp:437
	linbox_wrap.cpp:437
	linbox_wrap.cpp:438
	linbox_wrap.cpp:446
	linbox_wrap.cpp:446
	linbox_wrap.cpp:450
	linbox_wrap.cpp:459
	linbox_wrap.cpp:493
	linbox_wrap.cpp:503
	linbox_wrap.cpp:510
	linbox_wrap.cpp:510
	linbox_wrap.cpp:520
	linbox_wrap.cpp:527
	linbox_wrap.cpp:527
	linbox_wrap.cpp:537
	linbox_wrap.cpp:549
	linbox_wrap.cpp:549
	linbox_wrap.cpp:549
	linbox_wrap.cpp:549
	linbox_wrap.cpp:569
	linbox_wrap.cpp:570
	linbox_wrap.cpp:577
	linbox_wrap.cpp:578
	linbox_wrap.cpp:591
	linbox_wrap.cpp:591
	linbox_wrap.cpp:594
	src/linbox_wrap.cpp:40
	src/linbox_wrap.cpp:40
	src/linbox_wrap.cpp:41
	src/linbox_wrap.cpp:41
	src/linbox_wrap.cpp:48
	src/linbox_wrap.cpp:48
	src/linbox_wrap.cpp:65
	src/linbox_wrap.cpp:67
	src/linbox_wrap.cpp:71
	src/linbox_wrap.cpp:73
	src/linbox_wrap.cpp:80
	src/linbox_wrap.cpp:80
	src/linbox_wrap.cpp:87
	src/linbox_wrap.cpp:89
	src/linbox_wrap.cpp:99
	src/linbox_wrap.cpp:99
	src/linbox_wrap.cpp:106
	src/linbox_wrap.cpp:140
	src/linbox_wrap.cpp:149
	src/linbox_wrap.cpp:159
	src/linbox_wrap.cpp:159
	src/linbox_wrap.cpp:165
	src/linbox_wrap.cpp:174
	src/linbox_wrap.cpp:174
	src/linbox_wrap.cpp:175
	src/linbox_wrap.cpp:190
	src/linbox_wrap.cpp:190
	src/linbox_wrap.cpp:196
	src/linbox_wrap.cpp:205
	src/linbox_wrap.cpp:205
	src/linbox_wrap.cpp:206
	src/linbox_wrap.cpp:215
	src/linbox_wrap.cpp:215
	src/linbox_wrap.cpp:215
	src/linbox_wrap.cpp:215
	src/linbox_wrap.cpp:280
	src/linbox_wrap.cpp:296
	src/linbox_wrap.cpp:308
	src/linbox_wrap.cpp:318
	src/linbox_wrap.cpp:356
	src/linbox_wrap.cpp:356
	src/linbox_wrap.cpp:414
	src/linbox_wrap.cpp:414
	src/linbox_wrap.cpp:417
	src/linbox_wrap.cpp:428
	src/linbox_wrap.cpp:428
	src/linbox_wrap.cpp:432
	src/linbox_wrap.cpp:444
	src/linbox_wrap.cpp:444
	src/linbox_wrap.cpp:445
	src/linbox_wrap.cpp:453
	src/linbox_wrap.cpp:453
	src/linbox_wrap.cpp:457
	src/linbox_wrap.cpp:466
	src/linbox_wrap.cpp:500
	src/linbox_wrap.cpp:510
	src/linbox_wrap.cpp:517
	src/linbox_wrap.cpp:517
	src/linbox_wrap.cpp:527
	src/linbox_wrap.cpp:534
	src/linbox_wrap.cpp:534
	src/linbox_wrap.cpp:544
	src/linbox_wrap.cpp:556
	src/linbox_wrap.cpp:556
	src/linbox_wrap.cpp:556
	src/linbox_wrap.cpp:556
	src/linbox_wrap.cpp:576
	src/linbox_wrap.cpp:577
	src/linbox_wrap.cpp:584
	src/linbox_wrap.cpp:585
	src/linbox_wrap.cpp:598
	src/linbox_wrap.cpp:598
	src/linbox_wrap.cpp:601
	src/linbox_wrap.h:13
	src/linbox_wrap.h:27
	src/linbox_wrap.h:27
	src/linbox_wrap.h:30
	src/linbox_wrap.h:31
	src/linbox_wrap.h:36
	src/linbox_wrap.h:36
	src/linbox_wrap.h:36
	src/linbox_wrap.h:36
	src/linbox_wrap.h:39
	src/linbox_wrap.h:39
	src/linbox_wrap.h:64
	src/linbox_wrap.h:65
	src/linbox_wrap.h:66
	src/linbox_wrap.h:67
	src/linbox_wrap.h:68
	src/linbox_wrap.h:69
	src/linbox_wrap.h:74
	src/linbox_wrap.h:74
	src/linbox_wrap.h:74
	src/linbox_wrap.h:74
	src/linbox_wrap.h:76
	src/linbox_wrap.h:77
	src/linbox_wrap.h:79
	src/linbox_wrap.h:80
	src/linbox_wrap.h:84
	src/linbox_wrap.h:84
